<?xml version="1.0" encoding="UTF-8"?>
<!-- Generated by org.testng.reporters.JUnitXMLReporter -->
<testsuite ignored="8" hostname="DESKTOP-MBCG90R" failures="0" tests="1" name="Default test" time="18.111" errors="0" timestamp="2026-04-10T17:14:06 IST">
  <testcase classname="com.tutorialsninja.testcases.LoginTest" name="excelDataLoginMultiple" time="10.423"/>
  <testcase classname="com.tutorialsninja.testcases.LoginTest" name="TC002_loginWithValidUserAndInvalidPassword" time="0.0">
    <ignored/>
  </testcase> <!-- TC002_loginWithValidUserAndInvalidPassword -->
  <testcase classname="com.tutorialsninja.testcases.LoginTest" name="TC006_verifyLoginPageUrl" time="0.0">
    <ignored/>
  </testcase> <!-- TC006_verifyLoginPageUrl -->
  <testcase classname="com.tutorialsninja.testcases.LoginTest" name="TC005_verifyLoginPageTitle" time="0.0">
    <ignored/>
  </testcase> <!-- TC005_verifyLoginPageTitle -->
  <testcase classname="com.tutorialsninja.testcases.LoginTest" name="TC001_validLogin" time="0.0">
    <ignored/>
  </testcase> <!-- TC001_validLogin -->
  <testcase classname="com.tutorialsninja.testcases.LoginTest" name="excelDataLogin" time="0.0">
    <ignored/>
  </testcase> <!-- excelDataLogin -->
  <testcase classname="com.tutorialsninja.testcases.LoginTest" name="TC004_loginWithInvalidUserAndPassword" time="0.0">
    <ignored/>
  </testcase> <!-- TC004_loginWithInvalidUserAndPassword -->
  <testcase classname="com.tutorialsninja.testcases.LoginTest" name="loginWithDataProvider" time="0.0">
    <ignored/>
  </testcase> <!-- loginWithDataProvider -->
  <testcase classname="com.tutorialsninja.testcases.LoginTest" name="TC003_loginWithInvalidUserAndValidPassword" time="0.0">
    <ignored/>
  </testcase> <!-- TC003_loginWithInvalidUserAndValidPassword -->
</testsuite> <!-- Default test -->
