<?xml version="1.0" encoding="UTF-8"?>
<!-- Generated by org.testng.reporters.JUnitXMLReporter -->
<testsuite ignored="0" hostname="DESKTOP-MBCG90R" failures="0" tests="8" name="Test" time="45.916" errors="0" timestamp="2026-04-10T19:54:04 IST">
  <testcase classname="com.tutorialsninja.testcases.LoginTest" name="TC001_validLogin" time="2.638"/>
  <testcase classname="com.tutorialsninja.testcases.LoginTest" name="TC002_loginWithValidUserAndInvalidPassword" time="2.746"/>
  <testcase classname="com.tutorialsninja.testcases.LoginTest" name="TC003_loginWithInvalidUserAndValidPassword" time="2.668"/>
  <testcase classname="com.tutorialsninja.testcases.LoginTest" name="TC004_loginWithInvalidUserAndPassword" time="4.655"/>
  <testcase classname="com.tutorialsninja.testcases.LoginTest" name="TC005_verifyLoginPageTitle" time="1.514"/>
  <testcase classname="com.tutorialsninja.testcases.LoginTest" name="TC006_verifyLoginPageUrl" time="1.608"/>
  <testcase classname="com.tutorialsninja.testcases.RegisterTest" name="TC002_registerWithoutEmail" time="3.382"/>
  <testcase classname="com.tutorialsninja.testcases.RegisterTest" name="TC003_registerWithExistingEmail" time="3.489"/>
</testsuite> <!-- Test -->
