<?xml version="1.0" encoding="UTF-8"?>
<!-- Generated by org.testng.reporters.JUnitXMLReporter -->
<testsuite ignored="0" hostname="DESKTOP-MBCG90R" failures="1" tests="13" name="Test" time="66.982" errors="0" timestamp="2026-04-07T14:36:56 IST">
  <testcase classname="com.tutorialsninja.testcases.LoginTest" name="excelDataLogin" time="3.626"/>
  <testcase classname="com.tutorialsninja.testcases.LoginTest" name="excelDataLoginMultiple" time="5.526"/>
  <testcase classname="com.tutorialsninja.testcases.LoginTest" name="loginWithDataProvider" time="1.99"/>
  <testcase classname="com.tutorialsninja.testcases.LoginTest" name="loginWithDataProvider" time="2.074"/>
  <testcase classname="com.tutorialsninja.testcases.LoginTest" name="TC001_validLogin" time="0.0">
    <failure type="org.testng.TestNGException" message="
Method public void com.tutorialsninja.testcases.LoginTest.TC001_validLogin() requires a @DataProvider named : logindata">
      <![CDATA[org.testng.TestNGException: 
Method public void com.tutorialsninja.testcases.LoginTest.TC001_validLogin() requires a @DataProvider named : logindata
at java.base/java.util.ArrayList.forEach(ArrayList.java:1511)
... Removed 24 stack frames]]>
    </failure>
  </testcase> <!-- TC001_validLogin -->
  <testcase classname="com.tutorialsninja.testcases.LoginTest" name="TC002_loginWithValidUserAndInvalidPassword" time="2.193"/>
  <testcase classname="com.tutorialsninja.testcases.LoginTest" name="TC003_loginWithInvalidUserAndValidPassword" time="2.035"/>
  <testcase classname="com.tutorialsninja.testcases.LoginTest" name="TC004_loginWithInvalidUserAndPassword" time="1.835"/>
  <testcase classname="com.tutorialsninja.testcases.LoginTest" name="TC005_verifyLoginPageTitle" time="1.944"/>
  <testcase classname="com.tutorialsninja.testcases.LoginTest" name="TC006_verifyLoginPageUrl" time="2.14"/>
  <testcase classname="com.tutorialsninja.testcases.RegisterTest" name="TC001_registerNewAccount" time="3.403"/>
  <testcase classname="com.tutorialsninja.testcases.RegisterTest" name="TC002_registerWithoutEmail" time="3.0"/>
  <testcase classname="com.tutorialsninja.testcases.RegisterTest" name="TC003_registerWithExistingEmail" time="3.022"/>
</testsuite> <!-- Test -->
