<?xml version="1.0" encoding="UTF-8"?>
<!-- Generated by org.testng.reporters.JUnitXMLReporter -->
<testsuite ignored="6" hostname="DESKTOP-MBCG90R" failures="0" tests="2" name="Smoke" time="26.586" errors="0" timestamp="2026-03-27T15:30:28 IST">
  <testcase classname="com.tutorialsninja.testcases.LoginTest" name="TC001_validLogin" time="12.063"/>
  <testcase classname="com.tutorialsninja.testcases.LoginTest" name="TC002_loginWithValidUserAndInvalidPassword" time="3.573"/>
  <testcase classname="com.tutorialsninja.testcases.LoginTest" name="excelDataLogin" time="0.0">
    <ignored/>
  </testcase> <!-- excelDataLogin -->
  <testcase classname="com.tutorialsninja.testcases.LoginTest" name="TC004_loginWithInvalidUserAndPassword" time="0.0">
    <ignored/>
  </testcase> <!-- TC004_loginWithInvalidUserAndPassword -->
  <testcase classname="com.tutorialsninja.testcases.LoginTest" name="TC005_verifyLoginPageTitle" time="0.0">
    <ignored/>
  </testcase> <!-- TC005_verifyLoginPageTitle -->
  <testcase classname="com.tutorialsninja.testcases.LoginTest" name="excelDataLoginMultiple" time="0.0">
    <ignored/>
  </testcase> <!-- excelDataLoginMultiple -->
  <testcase classname="com.tutorialsninja.testcases.LoginTest" name="TC006_verifyLoginPageUrl" time="0.0">
    <ignored/>
  </testcase> <!-- TC006_verifyLoginPageUrl -->
  <testcase classname="com.tutorialsninja.testcases.LoginTest" name="TC003_loginWithInvalidUserAndValidPassword" time="0.0">
    <ignored/>
  </testcase> <!-- TC003_loginWithInvalidUserAndValidPassword -->
</testsuite> <!-- Smoke -->
