<?xml version="1.0" encoding="UTF-8"?>
<testng-results ignored="0" total="1" passed="1" failed="0" skipped="0">
  <reporter-output>
  </reporter-output>
  <suite started-at="2026-04-25T00:06:44 IST" name="Default suite" finished-at="2026-04-25T00:07:07 IST" duration-ms="23423">
    <groups>
    </groups>
    <test started-at="2026-04-25T00:06:44 IST" name="Default test" finished-at="2026-04-25T00:07:07 IST" duration-ms="23423">
      <class name="com.tutorialsninja.testcases.AccountPageTest">
        <test-method is-config="true" signature="setUp()[pri:0, instance:com.tutorialsninja.testcases.AccountPageTest@aeab9a1]" started-at="2026-04-25T00:06:44 IST" name="setUp" finished-at="2026-04-25T00:06:53 IST" duration-ms="8497" status="PASS">
          <reporter-output>
          </reporter-output>
        </test-method> <!-- setUp -->
        <test-method signature="searchProduct()[pri:0, instance:com.tutorialsninja.testcases.AccountPageTest@aeab9a1]" started-at="2026-04-25T00:06:53 IST" name="searchProduct" finished-at="2026-04-25T00:07:06 IST" duration-ms="13857" status="PASS">
          <reporter-output>
          </reporter-output>
        </test-method> <!-- searchProduct -->
        <test-method is-config="true" signature="tearDown()[pri:0, instance:com.tutorialsninja.testcases.AccountPageTest@aeab9a1]" started-at="2026-04-25T00:07:06 IST" name="tearDown" finished-at="2026-04-25T00:07:07 IST" duration-ms="957" status="PASS">
          <reporter-output>
          </reporter-output>
        </test-method> <!-- tearDown -->
      </class> <!-- com.tutorialsninja.testcases.AccountPageTest -->
    </test> <!-- Default test -->
  </suite> <!-- Default suite -->
</testng-results>
