<?xml version="1.0" encoding="UTF-8"?>
<testng-results ignored="0" total="13" passed="12" failed="1" skipped="0">
  <reporter-output>
  </reporter-output>
  <suite started-at="2026-04-07T14:35:48 IST" name="Suite" finished-at="2026-04-07T14:36:55 IST" duration-ms="66982">
    <groups>
      <group name="regression">
        <method signature="LoginTest.TC001_validLogin()[pri:1, instance:com.tutorialsninja.testcases.LoginTest@52350abb]" name="TC001_validLogin" class="com.tutorialsninja.testcases.LoginTest"/>
        <method signature="RegisterTest.TC001_registerNewAccount()[pri:1, instance:com.tutorialsninja.testcases.RegisterTest@5dda6f9]" name="TC001_registerNewAccount" class="com.tutorialsninja.testcases.RegisterTest"/>
        <method signature="LoginTest.TC002_loginWithValidUserAndInvalidPassword()[pri:2, instance:com.tutorialsninja.testcases.LoginTest@52350abb]" name="TC002_loginWithValidUserAndInvalidPassword" class="com.tutorialsninja.testcases.LoginTest"/>
        <method signature="LoginTest.TC003_loginWithInvalidUserAndValidPassword()[pri:3, instance:com.tutorialsninja.testcases.LoginTest@52350abb]" name="TC003_loginWithInvalidUserAndValidPassword" class="com.tutorialsninja.testcases.LoginTest"/>
      </group> <!-- regression -->
      <group name="smoke">
        <method signature="LoginTest.TC001_validLogin()[pri:1, instance:com.tutorialsninja.testcases.LoginTest@52350abb]" name="TC001_validLogin" class="com.tutorialsninja.testcases.LoginTest"/>
        <method signature="RegisterTest.TC001_registerNewAccount()[pri:1, instance:com.tutorialsninja.testcases.RegisterTest@5dda6f9]" name="TC001_registerNewAccount" class="com.tutorialsninja.testcases.RegisterTest"/>
        <method signature="LoginTest.TC002_loginWithValidUserAndInvalidPassword()[pri:2, instance:com.tutorialsninja.testcases.LoginTest@52350abb]" name="TC002_loginWithValidUserAndInvalidPassword" class="com.tutorialsninja.testcases.LoginTest"/>
      </group> <!-- smoke -->
    </groups>
    <test started-at="2026-04-07T14:35:48 IST" name="Test" finished-at="2026-04-07T14:36:55 IST" duration-ms="66982">
      <class name="com.tutorialsninja.testcases.LoginTest">
        <test-method is-config="true" signature="setUp()[pri:0, instance:com.tutorialsninja.testcases.LoginTest@52350abb]" started-at="2026-04-07T14:35:48 IST" name="setUp" finished-at="2026-04-07T14:35:52 IST" duration-ms="4140" status="PASS">
          <reporter-output>
          </reporter-output>
        </test-method> <!-- setUp -->
        <test-method signature="excelDataLogin()[pri:0, instance:com.tutorialsninja.testcases.LoginTest@52350abb]" started-at="2026-04-07T14:35:52 IST" name="excelDataLogin" finished-at="2026-04-07T14:35:56 IST" duration-ms="3626" status="PASS">
          <reporter-output>
          </reporter-output>
        </test-method> <!-- excelDataLogin -->
        <test-method is-config="true" signature="tearDown()[pri:0, instance:com.tutorialsninja.testcases.LoginTest@52350abb]" started-at="2026-04-07T14:35:56 IST" name="tearDown" finished-at="2026-04-07T14:35:56 IST" duration-ms="332" status="PASS">
          <reporter-output>
          </reporter-output>
        </test-method> <!-- tearDown -->
        <test-method is-config="true" signature="setUp()[pri:0, instance:com.tutorialsninja.testcases.LoginTest@52350abb]" started-at="2026-04-07T14:35:56 IST" name="setUp" finished-at="2026-04-07T14:35:58 IST" duration-ms="2373" status="PASS">
          <reporter-output>
          </reporter-output>
        </test-method> <!-- setUp -->
        <test-method signature="excelDataLoginMultiple()[pri:0, instance:com.tutorialsninja.testcases.LoginTest@52350abb]" started-at="2026-04-07T14:35:58 IST" name="excelDataLoginMultiple" finished-at="2026-04-07T14:36:04 IST" duration-ms="5526" status="PASS">
          <reporter-output>
          </reporter-output>
        </test-method> <!-- excelDataLoginMultiple -->
        <test-method is-config="true" signature="tearDown()[pri:0, instance:com.tutorialsninja.testcases.LoginTest@52350abb]" started-at="2026-04-07T14:36:04 IST" name="tearDown" finished-at="2026-04-07T14:36:04 IST" duration-ms="299" status="PASS">
          <reporter-output>
          </reporter-output>
        </test-method> <!-- tearDown -->
        <test-method is-config="true" signature="setUp()[pri:0, instance:com.tutorialsninja.testcases.LoginTest@52350abb]" started-at="2026-04-07T14:36:04 IST" name="setUp" finished-at="2026-04-07T14:36:06 IST" duration-ms="2325" status="PASS">
          <reporter-output>
          </reporter-output>
        </test-method> <!-- setUp -->
        <test-method signature="loginWithDataProvider(java.lang.String,java.lang.String)[pri:0, instance:com.tutorialsninja.testcases.LoginTest@52350abb]" started-at="2026-04-07T14:36:06 IST" name="loginWithDataProvider" data-provider="loginData" finished-at="2026-04-07T14:36:08 IST" duration-ms="1990" status="PASS">
          <params>
            <param index="0">
              <value>
                <![CDATA[aj@gmail.com]]>
              </value>
            </param>
            <param index="1">
              <value>
                <![CDATA[1234]]>
              </value>
            </param>
          </params>
          <reporter-output>
          </reporter-output>
        </test-method> <!-- loginWithDataProvider -->
        <test-method is-config="true" signature="tearDown()[pri:0, instance:com.tutorialsninja.testcases.LoginTest@52350abb]" started-at="2026-04-07T14:36:08 IST" name="tearDown" finished-at="2026-04-07T14:36:09 IST" duration-ms="263" status="PASS">
          <reporter-output>
          </reporter-output>
        </test-method> <!-- tearDown -->
        <test-method is-config="true" signature="setUp()[pri:0, instance:com.tutorialsninja.testcases.LoginTest@52350abb]" started-at="2026-04-07T14:36:09 IST" name="setUp" finished-at="2026-04-07T14:36:11 IST" duration-ms="2199" status="PASS">
          <reporter-output>
          </reporter-output>
        </test-method> <!-- setUp -->
        <test-method signature="loginWithDataProvider(java.lang.String,java.lang.String)[pri:0, instance:com.tutorialsninja.testcases.LoginTest@52350abb]" started-at="2026-04-07T14:36:11 IST" name="loginWithDataProvider" data-provider="loginData" finished-at="2026-04-07T14:36:13 IST" duration-ms="2074" status="PASS">
          <params>
            <param index="0">
              <value>
                <![CDATA[aaj@gmail.com]]>
              </value>
            </param>
            <param index="1">
              <value>
                <![CDATA[12a34]]>
              </value>
            </param>
          </params>
          <reporter-output>
          </reporter-output>
        </test-method> <!-- loginWithDataProvider -->
        <test-method is-config="true" signature="tearDown()[pri:0, instance:com.tutorialsninja.testcases.LoginTest@52350abb]" started-at="2026-04-07T14:36:13 IST" name="tearDown" finished-at="2026-04-07T14:36:13 IST" duration-ms="278" status="PASS">
          <reporter-output>
          </reporter-output>
        </test-method> <!-- tearDown -->
        <test-method signature="TC001_validLogin()[pri:1, instance:com.tutorialsninja.testcases.LoginTest@52350abb]" started-at="2026-04-07T14:36:13 IST" name="TC001_validLogin" finished-at="2026-04-07T14:36:13 IST" duration-ms="0" status="FAIL">
          <exception class="org.testng.TestNGException">
            <message>
              <![CDATA[
Method public void com.tutorialsninja.testcases.LoginTest.TC001_validLogin() requires a @DataProvider named : logindata]]>
            </message>
            <full-stacktrace>
              <![CDATA[org.testng.TestNGException: 
Method public void com.tutorialsninja.testcases.LoginTest.TC001_validLogin() requires a @DataProvider named : logindata
at org.testng.internal.Parameters.findDataProvider(Parameters.java:532)
at org.testng.internal.Parameters.handleParameters(Parameters.java:769)
at org.testng.internal.Parameters.handleParameters(Parameters.java:734)
at org.testng.internal.invokers.ParameterHandler.handleParameters(ParameterHandler.java:72)
at org.testng.internal.invokers.ParameterHandler.createParameters(ParameterHandler.java:51)
at org.testng.internal.invokers.TestInvoker$MethodInvocationAgent.invoke(TestInvoker.java:949)
at org.testng.internal.invokers.TestInvoker.invokeTestMethods(TestInvoker.java:203)
at org.testng.internal.invokers.TestMethodWorker.invokeTestMethods(TestMethodWorker.java:154)
at org.testng.internal.invokers.TestMethodWorker.run(TestMethodWorker.java:134)
at java.base/java.util.ArrayList.forEach(ArrayList.java:1511)
at org.testng.TestRunner.privateRun(TestRunner.java:741)
at org.testng.TestRunner.run(TestRunner.java:616)
at org.testng.SuiteRunner.runTest(SuiteRunner.java:421)
at org.testng.SuiteRunner.runSequentially(SuiteRunner.java:413)
at org.testng.SuiteRunner.privateRun(SuiteRunner.java:373)
at org.testng.SuiteRunner.run(SuiteRunner.java:312)
at org.testng.SuiteRunnerWorker.runSuite(SuiteRunnerWorker.java:52)
at org.testng.SuiteRunnerWorker.run(SuiteRunnerWorker.java:95)
at org.testng.TestNG.runSuitesSequentially(TestNG.java:1274)
at org.testng.TestNG.runSuitesLocally(TestNG.java:1208)
at org.testng.TestNG.runSuites(TestNG.java:1112)
at org.testng.TestNG.run(TestNG.java:1079)
at org.testng.remote.AbstractRemoteTestNG.run(AbstractRemoteTestNG.java:115)
at org.testng.remote.RemoteTestNG.initAndRun(RemoteTestNG.java:293)
at org.testng.remote.RemoteTestNG.main(RemoteTestNG.java:91)
]]>
            </full-stacktrace>
          </exception> <!-- org.testng.TestNGException -->
          <reporter-output>
          </reporter-output>
        </test-method> <!-- TC001_validLogin -->
        <test-method is-config="true" signature="setUp()[pri:0, instance:com.tutorialsninja.testcases.LoginTest@52350abb]" started-at="2026-04-07T14:36:13 IST" name="setUp" finished-at="2026-04-07T14:36:16 IST" duration-ms="2369" status="PASS">
          <reporter-output>
          </reporter-output>
        </test-method> <!-- setUp -->
        <test-method signature="TC002_loginWithValidUserAndInvalidPassword()[pri:2, instance:com.tutorialsninja.testcases.LoginTest@52350abb]" started-at="2026-04-07T14:36:16 IST" name="TC002_loginWithValidUserAndInvalidPassword" finished-at="2026-04-07T14:36:18 IST" duration-ms="2193" status="PASS">
          <reporter-output>
          </reporter-output>
        </test-method> <!-- TC002_loginWithValidUserAndInvalidPassword -->
        <test-method is-config="true" signature="tearDown()[pri:0, instance:com.tutorialsninja.testcases.LoginTest@52350abb]" started-at="2026-04-07T14:36:18 IST" name="tearDown" finished-at="2026-04-07T14:36:18 IST" duration-ms="292" status="PASS">
          <reporter-output>
          </reporter-output>
        </test-method> <!-- tearDown -->
        <test-method is-config="true" signature="setUp()[pri:0, instance:com.tutorialsninja.testcases.LoginTest@52350abb]" started-at="2026-04-07T14:36:18 IST" name="setUp" finished-at="2026-04-07T14:36:20 IST" duration-ms="2277" status="PASS">
          <reporter-output>
          </reporter-output>
        </test-method> <!-- setUp -->
        <test-method signature="TC003_loginWithInvalidUserAndValidPassword()[pri:3, instance:com.tutorialsninja.testcases.LoginTest@52350abb]" started-at="2026-04-07T14:36:20 IST" name="TC003_loginWithInvalidUserAndValidPassword" finished-at="2026-04-07T14:36:22 IST" duration-ms="2035" status="PASS">
          <reporter-output>
          </reporter-output>
        </test-method> <!-- TC003_loginWithInvalidUserAndValidPassword -->
        <test-method is-config="true" signature="tearDown()[pri:0, instance:com.tutorialsninja.testcases.LoginTest@52350abb]" started-at="2026-04-07T14:36:22 IST" name="tearDown" finished-at="2026-04-07T14:36:23 IST" duration-ms="274" status="PASS">
          <reporter-output>
          </reporter-output>
        </test-method> <!-- tearDown -->
        <test-method is-config="true" signature="setUp()[pri:0, instance:com.tutorialsninja.testcases.LoginTest@52350abb]" started-at="2026-04-07T14:36:23 IST" name="setUp" finished-at="2026-04-07T14:36:25 IST" duration-ms="2127" status="PASS">
          <reporter-output>
          </reporter-output>
        </test-method> <!-- setUp -->
        <test-method signature="TC004_loginWithInvalidUserAndPassword()[pri:4, instance:com.tutorialsninja.testcases.LoginTest@52350abb]" started-at="2026-04-07T14:36:25 IST" name="TC004_loginWithInvalidUserAndPassword" finished-at="2026-04-07T14:36:27 IST" duration-ms="1835" status="PASS">
          <reporter-output>
          </reporter-output>
        </test-method> <!-- TC004_loginWithInvalidUserAndPassword -->
        <test-method is-config="true" signature="tearDown()[pri:0, instance:com.tutorialsninja.testcases.LoginTest@52350abb]" started-at="2026-04-07T14:36:27 IST" name="tearDown" finished-at="2026-04-07T14:36:27 IST" duration-ms="269" status="PASS">
          <reporter-output>
          </reporter-output>
        </test-method> <!-- tearDown -->
        <test-method is-config="true" signature="setUp()[pri:0, instance:com.tutorialsninja.testcases.LoginTest@52350abb]" started-at="2026-04-07T14:36:27 IST" name="setUp" finished-at="2026-04-07T14:36:29 IST" duration-ms="2229" status="PASS">
          <reporter-output>
          </reporter-output>
        </test-method> <!-- setUp -->
        <test-method signature="TC005_verifyLoginPageTitle()[pri:5, instance:com.tutorialsninja.testcases.LoginTest@52350abb]" started-at="2026-04-07T14:36:29 IST" name="TC005_verifyLoginPageTitle" finished-at="2026-04-07T14:36:31 IST" duration-ms="1944" status="PASS">
          <reporter-output>
          </reporter-output>
        </test-method> <!-- TC005_verifyLoginPageTitle -->
        <test-method is-config="true" signature="tearDown()[pri:0, instance:com.tutorialsninja.testcases.LoginTest@52350abb]" started-at="2026-04-07T14:36:31 IST" name="tearDown" finished-at="2026-04-07T14:36:31 IST" duration-ms="248" status="PASS">
          <reporter-output>
          </reporter-output>
        </test-method> <!-- tearDown -->
        <test-method is-config="true" signature="setUp()[pri:0, instance:com.tutorialsninja.testcases.LoginTest@52350abb]" started-at="2026-04-07T14:36:31 IST" name="setUp" finished-at="2026-04-07T14:36:34 IST" duration-ms="2288" status="PASS">
          <reporter-output>
          </reporter-output>
        </test-method> <!-- setUp -->
        <test-method signature="TC006_verifyLoginPageUrl()[pri:6, instance:com.tutorialsninja.testcases.LoginTest@52350abb]" started-at="2026-04-07T14:36:34 IST" name="TC006_verifyLoginPageUrl" finished-at="2026-04-07T14:36:36 IST" duration-ms="2140" status="PASS">
          <reporter-output>
          </reporter-output>
        </test-method> <!-- TC006_verifyLoginPageUrl -->
        <test-method is-config="true" signature="tearDown()[pri:0, instance:com.tutorialsninja.testcases.LoginTest@52350abb]" started-at="2026-04-07T14:36:36 IST" name="tearDown" finished-at="2026-04-07T14:36:36 IST" duration-ms="256" status="PASS">
          <reporter-output>
          </reporter-output>
        </test-method> <!-- tearDown -->
      </class> <!-- com.tutorialsninja.testcases.LoginTest -->
      <class name="com.tutorialsninja.testcases.RegisterTest">
        <test-method is-config="true" signature="setUp()[pri:0, instance:com.tutorialsninja.testcases.RegisterTest@5dda6f9]" started-at="2026-04-07T14:36:36 IST" name="setUp" finished-at="2026-04-07T14:36:38 IST" duration-ms="2292" status="PASS">
          <reporter-output>
          </reporter-output>
        </test-method> <!-- setUp -->
        <test-method signature="TC001_registerNewAccount()[pri:1, instance:com.tutorialsninja.testcases.RegisterTest@5dda6f9]" started-at="2026-04-07T14:36:38 IST" name="TC001_registerNewAccount" finished-at="2026-04-07T14:36:42 IST" duration-ms="3403" status="PASS">
          <reporter-output>
          </reporter-output>
        </test-method> <!-- TC001_registerNewAccount -->
        <test-method is-config="true" signature="tearDown()[pri:0, instance:com.tutorialsninja.testcases.RegisterTest@5dda6f9]" started-at="2026-04-07T14:36:42 IST" name="tearDown" finished-at="2026-04-07T14:36:42 IST" duration-ms="266" status="PASS">
          <reporter-output>
          </reporter-output>
        </test-method> <!-- tearDown -->
        <test-method is-config="true" signature="setUp()[pri:0, instance:com.tutorialsninja.testcases.RegisterTest@5dda6f9]" started-at="2026-04-07T14:36:42 IST" name="setUp" finished-at="2026-04-07T14:36:45 IST" duration-ms="3283" status="PASS">
          <reporter-output>
          </reporter-output>
        </test-method> <!-- setUp -->
        <test-method signature="TC002_registerWithoutEmail()[pri:2, instance:com.tutorialsninja.testcases.RegisterTest@5dda6f9]" started-at="2026-04-07T14:36:45 IST" name="TC002_registerWithoutEmail" finished-at="2026-04-07T14:36:48 IST" duration-ms="3000" status="PASS">
          <reporter-output>
          </reporter-output>
        </test-method> <!-- TC002_registerWithoutEmail -->
        <test-method is-config="true" signature="tearDown()[pri:0, instance:com.tutorialsninja.testcases.RegisterTest@5dda6f9]" started-at="2026-04-07T14:36:48 IST" name="tearDown" finished-at="2026-04-07T14:36:49 IST" duration-ms="319" status="PASS">
          <reporter-output>
          </reporter-output>
        </test-method> <!-- tearDown -->
        <test-method is-config="true" signature="setUp()[pri:0, instance:com.tutorialsninja.testcases.RegisterTest@5dda6f9]" started-at="2026-04-07T14:36:49 IST" name="setUp" finished-at="2026-04-07T14:36:51 IST" duration-ms="2129" status="PASS">
          <reporter-output>
          </reporter-output>
        </test-method> <!-- setUp -->
        <test-method signature="TC003_registerWithExistingEmail()[pri:3, instance:com.tutorialsninja.testcases.RegisterTest@5dda6f9]" started-at="2026-04-07T14:36:51 IST" name="TC003_registerWithExistingEmail" finished-at="2026-04-07T14:36:54 IST" duration-ms="3022" status="PASS">
          <reporter-output>
          </reporter-output>
        </test-method> <!-- TC003_registerWithExistingEmail -->
        <test-method is-config="true" signature="tearDown()[pri:0, instance:com.tutorialsninja.testcases.RegisterTest@5dda6f9]" started-at="2026-04-07T14:36:54 IST" name="tearDown" finished-at="2026-04-07T14:36:55 IST" duration-ms="844" status="PASS">
          <reporter-output>
          </reporter-output>
        </test-method> <!-- tearDown -->
      </class> <!-- com.tutorialsninja.testcases.RegisterTest -->
    </test> <!-- Test -->
  </suite> <!-- Suite -->
</testng-results>
