<?xml version="1.0" encoding="UTF-8"?>
<!-- Generated by org.testng.reporters.JUnitReportReporter -->
<testsuite hostname="DESKTOP-MBCG90R" failures="0" tests="2" name="com.tutorialsnija.testcases.RegisterTest" time="14.682" errors="0" timestamp="2026-03-13T19:25:26 IST" skipped="0">
  <testcase classname="com.tutorialsnija.testcases.RegisterTest" name="registerWithoutEmail" time="7.752"/>
  <testcase classname="com.tutorialsnija.testcases.RegisterTest" name="registerNewAccount" time="6.930"/>
</testsuite> <!-- com.tutorialsnija.testcases.RegisterTest -->
