<?xml version="1.0" encoding="UTF-8"?>
<!-- Generated by org.testng.reporters.JUnitReportReporter -->
<testsuite hostname="DESKTOP-MBCG90R" failures="0" tests="2" name="com.tutorialsninja.testcases.RegisterTest" time="11.383" errors="0" timestamp="2026-04-10T19:16:03 IST" skipped="0">
  <testcase classname="com.tutorialsninja.testcases.RegisterTest" name="TC002_registerWithoutEmail" time="5.495"/>
  <testcase classname="com.tutorialsninja.testcases.RegisterTest" name="TC003_registerWithExistingEmail" time="5.888"/>
</testsuite> <!-- com.tutorialsninja.testcases.RegisterTest -->
