<?xml version="1.0" encoding="UTF-8"?>
<!-- Generated by org.testng.reporters.JUnitReportReporter -->
<testsuite hostname="DESKTOP-MBCG90R" failures="0" tests="6" name="com.tutorialsnija.testcases.LoginTest" time="34.317" errors="0" timestamp="2026-03-13T21:41:43 IST" skipped="0">
  <testcase classname="com.tutorialsnija.testcases.LoginTest" name="TC001_validLogin" time="5.630"/>
  <testcase classname="com.tutorialsnija.testcases.LoginTest" name="loginWithValidUserAndInvalidPassword" time="8.031"/>
  <testcase classname="com.tutorialsnija.testcases.LoginTest" name="loginWithInvalidUserAndValidPassword" time="5.223"/>
  <testcase classname="com.tutorialsnija.testcases.LoginTest" name="loginWithInvalidUserAndPassword" time="4.666"/>
  <testcase classname="com.tutorialsnija.testcases.LoginTest" name="verifyLoginPageTitle" time="5.553"/>
  <testcase classname="com.tutorialsnija.testcases.LoginTest" name="verifyLoginPageUrl" time="5.214"/>
</testsuite> <!-- com.tutorialsnija.testcases.LoginTest -->
