<?xml version="1.0" encoding="UTF-8"?>
<!-- Generated by org.testng.reporters.JUnitReportReporter -->
<testsuite hostname="DESKTOP-MBCG90R" failures="0" tests="6" name="com.tutorialsninja.testcases.LoginTest" time="34.263" errors="0" timestamp="2026-05-26T00:42:09 IST" skipped="0">
  <testcase classname="com.tutorialsninja.testcases.LoginTest" name="TC001_validLogin" time="5.534"/>
  <testcase classname="com.tutorialsninja.testcases.LoginTest" name="TC002_loginWithValidUserAndInvalidPassword" time="6.015"/>
  <testcase classname="com.tutorialsninja.testcases.LoginTest" name="TC003_loginWithInvalidUserAndValidPassword" time="5.073"/>
  <testcase classname="com.tutorialsninja.testcases.LoginTest" name="TC004_loginWithInvalidUserAndPassword" time="5.115"/>
  <testcase classname="com.tutorialsninja.testcases.LoginTest" name="TC005_verifyLoginPageTitle" time="5.993"/>
  <testcase classname="com.tutorialsninja.testcases.LoginTest" name="TC006_verifyLoginPageUrl" time="6.533"/>
</testsuite> <!-- com.tutorialsninja.testcases.LoginTest -->
