<?xml version="1.0" encoding="UTF-8"?>
<!-- Generated by org.testng.reporters.JUnitReportReporter -->
<testsuite hostname="DESKTOP-MBCG90R" failures="0" tests="2" name="com.tutorialsninja.testcases.RegisterTest" time="12.207" errors="0" timestamp="2026-04-24T23:35:49 IST" skipped="0">
  <testcase classname="com.tutorialsninja.testcases.RegisterTest" name="TC002_registerWithoutEmail" time="6.390"/>
  <testcase classname="com.tutorialsninja.testcases.RegisterTest" name="TC003_registerWithExistingEmail" time="5.817"/>
</testsuite> <!-- com.tutorialsninja.testcases.RegisterTest -->
