<?xml version="1.0" encoding="UTF-8"?>
<!-- Generated by org.testng.reporters.JUnitXMLReporter -->
<testsuite ignored="7" hostname="DESKTOP-MBCG90R" failures="0" tests="4" name="functionals" time="31.873" errors="0" timestamp="2026-04-05T19:03:14 IST">
  <testcase classname="com.tutorialsninja.testcases.LoginTest" name="TC001_validLogin" time="3.371"/>
  <testcase classname="com.tutorialsninja.testcases.LoginTest" name="TC002_loginWithValidUserAndInvalidPassword" time="2.313"/>
  <testcase classname="com.tutorialsninja.testcases.LoginTest" name="TC003_loginWithInvalidUserAndValidPassword" time="2.333"/>
  <testcase classname="com.tutorialsninja.testcases.RegisterTest" name="TC001_registerNewAccount" time="3.817"/>
  <testcase classname="com.tutorialsninja.testcases.LoginTest" name="TC006_verifyLoginPageUrl" time="0.0">
    <ignored/>
  </testcase> <!-- TC006_verifyLoginPageUrl -->
  <testcase classname="com.tutorialsninja.testcases.LoginTest" name="TC005_verifyLoginPageTitle" time="0.0">
    <ignored/>
  </testcase> <!-- TC005_verifyLoginPageTitle -->
  <testcase classname="com.tutorialsninja.testcases.RegisterTest" name="TC003_registerWithExistingEmail" time="0.0">
    <ignored/>
  </testcase> <!-- TC003_registerWithExistingEmail -->
  <testcase classname="com.tutorialsninja.testcases.RegisterTest" name="TC002_registerWithoutEmail" time="0.0">
    <ignored/>
  </testcase> <!-- TC002_registerWithoutEmail -->
  <testcase classname="com.tutorialsninja.testcases.LoginTest" name="excelDataLoginMultiple" time="0.0">
    <ignored/>
  </testcase> <!-- excelDataLoginMultiple -->
  <testcase classname="com.tutorialsninja.testcases.LoginTest" name="TC004_loginWithInvalidUserAndPassword" time="0.0">
    <ignored/>
  </testcase> <!-- TC004_loginWithInvalidUserAndPassword -->
  <testcase classname="com.tutorialsninja.testcases.LoginTest" name="excelDataLogin" time="0.0">
    <ignored/>
  </testcase> <!-- excelDataLogin -->
</testsuite> <!-- functionals -->
