<?xml version="1.0" encoding="UTF-8"?>
<!-- Generated by org.testng.reporters.JUnitXMLReporter -->
<testsuite ignored="5" hostname="DESKTOP-MBCG90R" failures="3" tests="3" name="functionals" time="0.326" errors="0" timestamp="2026-04-10T19:32:24 IST">
  <testcase classname="com.tutorialsninja.testcases.LoginTest" name="TC001_validLogin" time="0.097">
    <failure type="java.lang.NullPointerException" message="Cannot invoke &amp;quot;org.openqa.selenium.SearchContext.findElement(org.openqa.selenium.By)&amp;quot; because &amp;quot;this.searchContext&amp;quot; is null">
      <![CDATA[java.lang.NullPointerException: Cannot invoke "org.openqa.selenium.SearchContext.findElement(org.openqa.selenium.By)" because "this.searchContext" is null
at org.openqa.selenium.support.pagefactory.DefaultElementLocator.findElement(DefaultElementLocator.java:68)
at org.openqa.selenium.support.pagefactory.internal.LocatingElementHandler.invoke(LocatingElementHandler.java:38)
at jdk.proxy2/jdk.proxy2.$Proxy26.isDisplayed(Unknown Source)
at org.openqa.selenium.support.ui.ExpectedConditions$23.apply(ExpectedConditions.java:793)
at org.openqa.selenium.support.ui.ExpectedConditions$23.apply(ExpectedConditions.java:786)
at org.openqa.selenium.support.ui.FluentWait.until(FluentWait.java:209)
at com.tutorialsninja.action.Action.waitForElementToBeClickable(Action.java:37)
at com.tutorialsninja.pageobjects.HomePage.openMyAccountDropdown(HomePage.java:39)
at com.tutorialsninja.pageobjects.HomePage.navigateToLoginPage(HomePage.java:44)
at com.tutorialsninja.testcases.LoginTest.TC001_validLogin(LoginTest.java:24)
at java.base/java.util.ArrayList.forEach(ArrayList.java:1511)
... Removed 27 stack frames]]>
    </failure>
  </testcase> <!-- TC001_validLogin -->
  <testcase classname="com.tutorialsninja.testcases.LoginTest" name="TC002_loginWithValidUserAndInvalidPassword" time="0.02">
    <failure type="java.lang.NullPointerException" message="Cannot invoke &amp;quot;org.openqa.selenium.SearchContext.findElement(org.openqa.selenium.By)&amp;quot; because &amp;quot;this.searchContext&amp;quot; is null">
      <![CDATA[java.lang.NullPointerException: Cannot invoke "org.openqa.selenium.SearchContext.findElement(org.openqa.selenium.By)" because "this.searchContext" is null
at org.openqa.selenium.support.pagefactory.DefaultElementLocator.findElement(DefaultElementLocator.java:68)
at org.openqa.selenium.support.pagefactory.internal.LocatingElementHandler.invoke(LocatingElementHandler.java:38)
at jdk.proxy2/jdk.proxy2.$Proxy26.isDisplayed(Unknown Source)
at org.openqa.selenium.support.ui.ExpectedConditions$23.apply(ExpectedConditions.java:793)
at org.openqa.selenium.support.ui.ExpectedConditions$23.apply(ExpectedConditions.java:786)
at org.openqa.selenium.support.ui.FluentWait.until(FluentWait.java:209)
at com.tutorialsninja.action.Action.waitForElementToBeClickable(Action.java:37)
at com.tutorialsninja.pageobjects.HomePage.openMyAccountDropdown(HomePage.java:39)
at com.tutorialsninja.pageobjects.HomePage.navigateToLoginPage(HomePage.java:44)
at com.tutorialsninja.testcases.LoginTest.TC002_loginWithValidUserAndInvalidPassword(LoginTest.java:45)
at java.base/java.util.ArrayList.forEach(ArrayList.java:1511)
... Removed 27 stack frames]]>
    </failure>
  </testcase> <!-- TC002_loginWithValidUserAndInvalidPassword -->
  <testcase classname="com.tutorialsninja.testcases.LoginTest" name="TC003_loginWithInvalidUserAndValidPassword" time="0.012">
    <failure type="java.lang.NullPointerException" message="Cannot invoke &amp;quot;org.openqa.selenium.SearchContext.findElement(org.openqa.selenium.By)&amp;quot; because &amp;quot;this.searchContext&amp;quot; is null">
      <![CDATA[java.lang.NullPointerException: Cannot invoke "org.openqa.selenium.SearchContext.findElement(org.openqa.selenium.By)" because "this.searchContext" is null
at org.openqa.selenium.support.pagefactory.DefaultElementLocator.findElement(DefaultElementLocator.java:68)
at org.openqa.selenium.support.pagefactory.internal.LocatingElementHandler.invoke(LocatingElementHandler.java:38)
at jdk.proxy2/jdk.proxy2.$Proxy26.isDisplayed(Unknown Source)
at org.openqa.selenium.support.ui.ExpectedConditions$23.apply(ExpectedConditions.java:793)
at org.openqa.selenium.support.ui.ExpectedConditions$23.apply(ExpectedConditions.java:786)
at org.openqa.selenium.support.ui.FluentWait.until(FluentWait.java:209)
at com.tutorialsninja.action.Action.waitForElementToBeClickable(Action.java:37)
at com.tutorialsninja.pageobjects.HomePage.openMyAccountDropdown(HomePage.java:39)
at com.tutorialsninja.pageobjects.HomePage.navigateToLoginPage(HomePage.java:44)
at com.tutorialsninja.testcases.LoginTest.TC003_loginWithInvalidUserAndValidPassword(LoginTest.java:64)
at java.base/java.util.ArrayList.forEach(ArrayList.java:1511)
... Removed 27 stack frames]]>
    </failure>
  </testcase> <!-- TC003_loginWithInvalidUserAndValidPassword -->
  <testcase classname="com.tutorialsninja.testcases.LoginTest" name="TC004_loginWithInvalidUserAndPassword" time="0.0">
    <ignored/>
  </testcase> <!-- TC004_loginWithInvalidUserAndPassword -->
  <testcase classname="com.tutorialsninja.testcases.LoginTest" name="TC006_verifyLoginPageUrl" time="0.0">
    <ignored/>
  </testcase> <!-- TC006_verifyLoginPageUrl -->
  <testcase classname="com.tutorialsninja.testcases.LoginTest" name="TC005_verifyLoginPageTitle" time="0.0">
    <ignored/>
  </testcase> <!-- TC005_verifyLoginPageTitle -->
  <testcase classname="com.tutorialsninja.testcases.RegisterTest" name="TC003_registerWithExistingEmail" time="0.0">
    <ignored/>
  </testcase> <!-- TC003_registerWithExistingEmail -->
  <testcase classname="com.tutorialsninja.testcases.RegisterTest" name="TC002_registerWithoutEmail" time="0.0">
    <ignored/>
  </testcase> <!-- TC002_registerWithoutEmail -->
</testsuite> <!-- functionals -->
